Started GET "/" for 127.0.0.1 at 2023-02-06 08:24:32 +0630
Processing by HelloController#index as HTML
  Rendering layout layouts/application.html.erb
  Rendering hello/index.html.erb within layouts/application
  Rendered hello/index.html.erb within layouts/application (Duration: 13.2ms | Allocations: 434)
  Rendered layout layouts/application.html.erb (Duration: 745.9ms | Allocations: 77919)
Completed 500 Internal Server Error in 808ms (ActiveRecord: 0.0ms | Allocations: 81331)


  
ActionView::Template::Error (Permission denied @ rb_file_s_rename - (C:/THS/aws/aws-test/helloWorld/tmp/cache/assets/sprockets/v4.0.0/Jj/Jj3TdoImNhhoOfn_nwYj50eXnWjB8SU8jve-17ikLqE.cache.20740.11208.344301, C:/THS/aws/aws-test/helloWorld/tmp/cache/assets/sprockets/v4.0.0/Jj/Jj3TdoImNhhoOfn_nwYj50eXnWjB8SU8jve-17ikLqE.cache)):
  
sprockets (4.2.0) lib/sprockets/path_utils.rb:362:in `rename'
sprockets (4.2.0) lib/sprockets/path_utils.rb:362:in `atomic_write'
sprockets (4.2.0) lib/sprockets/cache/file_store.rb:112:in `set'
sprockets (4.2.0) lib/sprockets/cache.rb:227:in `set'
sprockets (4.2.0) lib/sprockets/cache.rb:143:in `set'
sprockets (4.2.0) lib/sprockets/loader.rb:263:in `store_asset'
sprockets (4.2.0) lib/sprockets/loader.rb:226:in `load_from_unloaded'
sprockets (4.2.0) lib/sprockets/loader.rb:59:in `block in load'
sprockets (4.2.0) lib/sprockets/loader.rb:337:in `fetch_asset_from_dependency_cache'
sprockets (4.2.0) lib/sprockets/loader.rb:43:in `load'
sprockets (4.2.0) lib/sprockets/cached_environment.rb:44:in `block in load'
concurrent-ruby (1.2.0) lib/concurrent-ruby/concurrent/map.rb:204:in `block in fetch_or_store'
concurrent-ruby (1.2.0) lib/concurrent-ruby/concurrent/map.rb:184:in `fetch'
concurrent-ruby (1.2.0) lib/concurrent-ruby/concurrent/map.rb:203:in `fetch_or_store'
sprockets (4.2.0) lib/sprockets/cached_environment.rb:44:in `load'
sprockets (4.2.0) lib/sprockets/bundle.rb:27:in `call'
sprockets (4.2.0) lib/sprockets/processor_utils.rb:84:in `call_processor'
sprockets (4.2.0) lib/sprockets/processor_utils.rb:66:in `block in call_processors'
sprockets (4.2.0) lib/sprockets/processor_utils.rb:65:in `reverse_each'
sprockets (4.2.0) lib/sprockets/processor_utils.rb:65:in `call_processors'
sprockets (4.2.0) lib/sprockets/loader.rb:182:in `load_from_unloaded'
sprockets (4.2.0) lib/sprockets/loader.rb:59:in `block in load'
sprockets (4.2.0) lib/sprockets/loader.rb:337:in `fetch_asset_from_dependency_cache'
sprockets (4.2.0) lib/sprockets/loader.rb:43:in `load'
sprockets (4.2.0) lib/sprockets/cached_environment.rb:44:in `block in load'
concurrent-ruby (1.2.0) lib/concurrent-ruby/concurrent/map.rb:204:in `block in fetch_or_store'
concurrent-ruby (1.2.0) lib/concurrent-ruby/concurrent/map.rb:184:in `fetch'
concurrent-ruby (1.2.0) lib/concurrent-ruby/concurrent/map.rb:203:in `fetch_or_store'
sprockets (4.2.0) lib/sprockets/cached_environment.rb:44:in `load'
sprockets (4.2.0) lib/sprockets/bundle.rb:32:in `block in call'
C:/Ruby31-x64/lib/ruby/3.1.0/set.rb:511:in `each_key'
C:/Ruby31-x64/lib/ruby/3.1.0/set.rb:511:in `each'
sprockets (4.2.0) lib/sprockets/bundle.rb:31:in `call'
sprockets (4.2.0) lib/sprockets/processor_utils.rb:84:in `call_processor'
sprockets (4.2.0) lib/sprockets/processor_utils.rb:66:in `block in call_processors'
sprockets (4.2.0) lib/sprockets/processor_utils.rb:65:in `reverse_each'
sprockets (4.2.0) lib/sprockets/processor_utils.rb:65:in `call_processors'
sprockets (4.2.0) lib/sprockets/loader.rb:182:in `load_from_unloaded'
sprockets (4.2.0) lib/sprockets/loader.rb:59:in `block in load'
sprockets (4.2.0) lib/sprockets/loader.rb:337:in `fetch_asset_from_dependency_cache'
sprockets (4.2.0) lib/sprockets/loader.rb:43:in `load'
sprockets (4.2.0) lib/sprockets/cached_environment.rb:44:in `block in load'
concurrent-ruby (1.2.0) lib/concurrent-ruby/concurrent/map.rb:204:in `block in fetch_or_store'
concurrent-ruby (1.2.0) lib/concurrent-ruby/concurrent/map.rb:184:in `fetch'
concurrent-ruby (1.2.0) lib/concurrent-ruby/concurrent/map.rb:203:in `fetch_or_store'
sprockets (4.2.0) lib/sprockets/cached_environment.rb:44:in `load'
sprockets (4.2.0) lib/sprockets/base.rb:81:in `find_asset'
sprockets (4.2.0) lib/sprockets/base.rb:88:in `find_all_linked_assets'
sprockets (4.2.0) lib/sprockets/manifest.rb:125:in `each'
sprockets (4.2.0) lib/sprockets/manifest.rb:125:in `to_a'
sprockets (4.2.0) lib/sprockets/manifest.rb:125:in `block (2 levels) in find'
concurrent-ruby (1.2.0) lib/concurrent-ruby/concurrent/executor/safe_task_executor.rb:24:in `block in execute'
concurrent-ruby (1.2.0) lib/concurrent-ruby/concurrent/synchronization/mutex_lockable_object.rb:48:in `block in synchronize'
concurrent-ruby (1.2.0) lib/concurrent-ruby/concurrent/synchronization/mutex_lockable_object.rb:48:in `synchronize'
concurrent-ruby (1.2.0) lib/concurrent-ruby/concurrent/synchronization/mutex_lockable_object.rb:48:in `synchronize'
concurrent-ruby (1.2.0) lib/concurrent-ruby/concurrent/executor/safe_task_executor.rb:22:in `execute'
concurrent-ruby (1.2.0) lib/concurrent-ruby/concurrent/promise.rb:564:in `block in realize'
concurrent-ruby (1.2.0) lib/concurrent-ruby/concurrent/executor/ruby_thread_pool_executor.rb:352:in `run_task'
concurrent-ruby (1.2.0) lib/concurrent-ruby/concurrent/executor/ruby_thread_pool_executor.rb:343:in `block (3 levels) in create_worker'
concurrent-ruby (1.2.0) lib/concurrent-ruby/concurrent/executor/ruby_thread_pool_executor.rb:334:in `loop'
concurrent-ruby (1.2.0) lib/concurrent-ruby/concurrent/executor/ruby_thread_pool_executor.rb:334:in `block (2 levels) in create_worker'
concurrent-ruby (1.2.0) lib/concurrent-ruby/concurrent/executor/ruby_thread_pool_executor.rb:333:in `catch'
concurrent-ruby (1.2.0) lib/concurrent-ruby/concurrent/executor/ruby_thread_pool_executor.rb:333:in `block in create_worker'
Started GET "/" for 127.0.0.1 at 2023-02-06 08:25:23 +0630
Processing by HelloController#index as HTML
  Rendering layout layouts/application.html.erb
  Rendering hello/index.html.erb within layouts/application
  Rendered hello/index.html.erb within layouts/application (Duration: 0.0ms | Allocations: 7)
  Rendered layout layouts/application.html.erb (Duration: 90.3ms | Allocations: 19666)
Completed 200 OK in 94ms (Views: 92.7ms | ActiveRecord: 0.0ms | Allocations: 20019)


Started GET "/" for ::1 at 2023-02-06 10:33:56 +0630
Processing by HelloController#index as HTML
  Rendering layout layouts/application.html.erb
  Rendering hello/index.html.erb within layouts/application
  Rendered hello/index.html.erb within layouts/application (Duration: 9.7ms | Allocations: 307)
  Rendered layout layouts/application.html.erb (Duration: 449.1ms | Allocations: 27443)
Completed 200 OK in 544ms (Views: 490.2ms | ActiveRecord: 0.0ms | Allocations: 29857)


